<?xml version="1.0" encoding="UTF-8"?>
<testsuite xmlns:xsi="http://www.w3.org/2001/XMLSchema-instance" xsi:noNamespaceSchemaLocation="https://maven.apache.org/surefire/maven-surefire-plugin/xsd/surefire-test-report-3.0.xsd" version="3.0" name="com.af.Test1" time="0.528" tests="2" errors="0" skipped="0" failures="0">
  <properties>
[...]
</properties>
  <testcase name="createUserTest" classname="com.af.Test1" time="0.001">
    <system-out><![CDATA[Before test (1).
Before Class(1).
Before method(1).
Test 1.1
]]></system-out>
    <system-err><![CDATA[[main] INFO com.af.Test1 - [TEST]:: First log
]]></system-err>
  </testcase>
  <testcase name="userSaysTest" classname="com.af.Test1" time="0.001">
    <system-out><![CDATA[Before method(1).
Test 1.2
]]></system-out>
  </testcase>
</testsuite>